
2019-05-21 16:19:02...installerHook: Info: custom/install/install_hooks.php not present, no custom hooks to execute
2019-05-21 16:19:10...installerHook: Info: custom/install/install_hooks.php not present, no custom hooks to execute
2019-05-21 16:19:15...Begin System Check Process *************
2019-05-21 16:19:15...XML Parsing Support Found
2019-05-21 16:19:15...MBString Support Found
2019-05-21 16:19:15...ZIP Support Found
2019-05-21 16:19:15.../custom directory and subdirectory check passed
2019-05-21 16:19:15...cache directory and subdirectory check passed
2019-05-21 16:19:15.../module  directory and subdirectory check passed
2019-05-21 16:19:15.../upload directory check passed
2019-05-21 16:19:15.../zip check passed
2019-05-21 16:19:15...PCRE version check passed
2019-05-21 16:19:15...installerHook: Info: custom/install/install_hooks.php not present, no custom hooks to execute
2019-05-21 16:19:15...php.ini location found. /opt/php56/lib/php.ini
2019-05-21 16:19:15...Outputting HTML for System check
2019-05-21 16:19:15...No Errors were found *************
2019-05-21 16:19:16...installerHook: Info: custom/install/install_hooks.php not present, no custom hooks to execute
2019-05-21 16:19:20...installerHook: Info: custom/install/install_hooks.php not present, no custom hooks to execute
2019-05-21 16:22:34...Begin DB Check Process *************
2019-05-21 16:22:34...testing with mysql:mysqli
2019-05-21 16:22:34...Basic form info is valid, continuing Process.
2019-05-21 16:22:34...Testing user account...
2019-05-21 16:22:34...ERROR::  The provided database host, username, and/or password is invalid, and a connection to the database could not be established. Please enter a valid host, username and password
2019-05-21 16:22:34...FATAL:: errors have been detected!  User will not be allowed to continue.  Errors are as follow:
2019-05-21 16:22:34..... The provided database host, username, and/or password is invalid, and a connection to the database could not be established. Please enter a valid host, username and password
2019-05-21 16:22:34...End DB Check Process *************
2019-05-21 16:23:54...Begin DB Check Process *************
2019-05-21 16:23:54...testing with mysql:mysqli
2019-05-21 16:23:54...Basic form info is valid, continuing Process.
2019-05-21 16:23:54...Testing user account...
2019-05-21 16:23:54...ERROR::  The provided database host, username, and/or password is invalid, and a connection to the database could not be established. Please enter a valid host, username and password
2019-05-21 16:23:54...FATAL:: errors have been detected!  User will not be allowed to continue.  Errors are as follow:
2019-05-21 16:23:54..... The provided database host, username, and/or password is invalid, and a connection to the database could not be established. Please enter a valid host, username and password
2019-05-21 16:23:54...End DB Check Process *************
2019-05-21 16:24:54...Begin DB Check Process *************
2019-05-21 16:24:54...testing with mysql:mysqli
2019-05-21 16:24:54...Basic form info is valid, continuing Process.
2019-05-21 16:24:54...Testing user account...
2019-05-21 16:24:54...Connection made using  host: localhost, usr: vidaambi_suit862
2019-05-21 16:24:54...SUCCESS:: no errors detected!
2019-05-21 16:24:54...End DB Check Process *************
2019-05-21 16:24:55...installerHook: Info: custom/install/install_hooks.php not present, no custom hooks to execute
2019-05-21 16:24:55...calling handleSugarConfig()
2019-05-21 16:24:55...calling handleHtaccess()
2019-05-21 16:24:55...calling handleDbCreateDatabase()
2019-05-21 16:25:04...looping through all the Beans and create their tables
2019-05-21 16:25:04...processing table acl_actions
2019-05-21 16:25:04...creating table acl_actions
2019-05-21 16:25:04...creating Relationship Meta for ACLAction
2019-05-21 16:25:04...processing table acl_roles
2019-05-21 16:25:04...creating table acl_roles
2019-05-21 16:25:04...creating Relationship Meta for ACLRole
2019-05-21 16:25:04...processing table relationships
2019-05-21 16:25:04...creating table relationships
2019-05-21 16:25:04...creating Relationship Meta for Relationship
2019-05-21 16:25:05...processing table leads
2019-05-21 16:25:05...creating table leads
2019-05-21 16:25:05...creating Relationship Meta for Lead
2019-05-21 16:25:05...processing table cases
2019-05-21 16:25:05...creating table cases
2019-05-21 16:25:05...creating Relationship Meta for Case
2019-05-21 16:25:05...processing table bugs
2019-05-21 16:25:05...creating table bugs
2019-05-21 16:25:05...creating Relationship Meta for Bug
2019-05-21 16:25:05...processing table users
2019-05-21 16:25:05...creating table users
2019-05-21 16:25:05...creating Relationship Meta for User
2019-05-21 16:25:05...processing table campaign_log
2019-05-21 16:25:05...creating table campaign_log
2019-05-21 16:25:05...creating Relationship Meta for CampaignLog
2019-05-21 16:25:05...processing table project
2019-05-21 16:25:06...creating table project
2019-05-21 16:25:06...creating Relationship Meta for Project
2019-05-21 16:25:06...processing table project_task
2019-05-21 16:25:06...creating table project_task
2019-05-21 16:25:06...creating Relationship Meta for ProjectTask
2019-05-21 16:25:06...processing table campaigns
2019-05-21 16:25:06...creating table campaigns
2019-05-21 16:25:06...creating Relationship Meta for Campaign
2019-05-21 16:25:06...processing table prospect_lists
2019-05-21 16:25:06...creating table prospect_lists
2019-05-21 16:25:06...creating Relationship Meta for ProspectList
2019-05-21 16:25:06...processing table prospects
2019-05-21 16:25:06...creating table prospects
2019-05-21 16:25:06...creating Relationship Meta for Prospect
2019-05-21 16:25:06...processing table email_marketing
2019-05-21 16:25:07...creating table email_marketing
2019-05-21 16:25:07...creating Relationship Meta for EmailMarketing
2019-05-21 16:25:07...processing table campaign_trkrs
2019-05-21 16:25:07...creating table campaign_trkrs
2019-05-21 16:25:07...creating Relationship Meta for CampaignTracker
2019-05-21 16:25:07...processing table releases
2019-05-21 16:25:07...creating table releases
2019-05-21 16:25:07...creating Relationship Meta for Release
2019-05-21 16:25:07...processing table emailman
2019-05-21 16:25:07...creating table emailman
2019-05-21 16:25:07...creating Relationship Meta for EmailMan
2019-05-21 16:25:07...processing table schedulers
2019-05-21 16:25:07...creating table schedulers
2019-05-21 16:25:07...creating Relationship Meta for Scheduler
2019-05-21 16:25:07...processing table job_queue
2019-05-21 16:25:07...creating table job_queue
2019-05-21 16:25:07...creating Relationship Meta for SchedulersJob
2019-05-21 16:25:07...processing table contacts
2019-05-21 16:25:07...creating table contacts
2019-05-21 16:25:07...creating Relationship Meta for Contact
2019-05-21 16:25:07...processing table accounts
2019-05-21 16:25:07...creating table accounts
2019-05-21 16:25:07...creating Relationship Meta for Account
2019-05-21 16:25:07...processing table opportunities
2019-05-21 16:25:07...creating table opportunities
2019-05-21 16:25:07...creating Relationship Meta for Opportunity
2019-05-21 16:25:08...processing table email_templates
2019-05-21 16:25:08...creating table email_templates
2019-05-21 16:25:08...creating Relationship Meta for EmailTemplate
2019-05-21 16:25:08...processing table notes
2019-05-21 16:25:08...creating table notes
2019-05-21 16:25:08...creating Relationship Meta for Note
2019-05-21 16:25:08...processing table calls
2019-05-21 16:25:08...creating table calls
2019-05-21 16:25:08...creating Relationship Meta for Call
2019-05-21 16:25:08...processing table emails
2019-05-21 16:25:08...creating table emails
2019-05-21 16:25:08...creating Relationship Meta for Email
2019-05-21 16:25:08...processing table meetings
2019-05-21 16:25:09...creating table meetings
2019-05-21 16:25:09...creating Relationship Meta for Meeting
2019-05-21 16:25:09...processing table tasks
2019-05-21 16:25:09...creating table tasks
2019-05-21 16:25:09...creating Relationship Meta for Task
2019-05-21 16:25:09...processing table users
2019-05-21 16:25:09...processing table users
2019-05-21 16:25:09...processing table currencies
2019-05-21 16:25:09...creating table currencies
2019-05-21 16:25:09...creating Relationship Meta for Currency
2019-05-21 16:25:09...processing table tracker
2019-05-21 16:25:09...creating table tracker
2019-05-21 16:25:09...creating Relationship Meta for Tracker
2019-05-21 16:25:09...processing table import_maps
2019-05-21 16:25:09...creating table import_maps
2019-05-21 16:25:09...creating Relationship Meta for ImportMap
2019-05-21 16:25:09...processing table users_last_import
2019-05-21 16:25:09...creating table users_last_import
2019-05-21 16:25:09...creating Relationship Meta for UsersLastImport
2019-05-21 16:25:09...processing table config
2019-05-21 16:25:09...creating table config
2019-05-21 16:25:09...creating Relationship Meta for Administration
2019-05-21 16:25:09...processing table upgrade_history
2019-05-21 16:25:09...creating table upgrade_history
2019-05-21 16:25:09...creating Relationship Meta for UpgradeHistory
2019-05-21 16:25:09...processing table vcals
2019-05-21 16:25:09...creating table vcals
2019-05-21 16:25:09...creating Relationship Meta for vCal
2019-05-21 16:25:09...processing table alerts
2019-05-21 16:25:09...creating table alerts
2019-05-21 16:25:09...creating Relationship Meta for Alert
2019-05-21 16:25:09...processing table roles
2019-05-21 16:25:09...creating table roles
2019-05-21 16:25:09...creating Relationship Meta for Role
2019-05-21 16:25:09...processing table documents
2019-05-21 16:25:09...creating table documents
2019-05-21 16:25:09...creating Relationship Meta for Document
2019-05-21 16:25:09...processing table document_revisions
2019-05-21 16:25:09...creating table document_revisions
2019-05-21 16:25:09...creating Relationship Meta for DocumentRevision
2019-05-21 16:25:09...processing table fields_meta_data
2019-05-21 16:25:09...creating table fields_meta_data
2019-05-21 16:25:09...creating Relationship Meta for FieldsMetaData
2019-05-21 16:25:09...processing table inbound_email
2019-05-21 16:25:09...creating table inbound_email
2019-05-21 16:25:09...creating Relationship Meta for InboundEmail
2019-05-21 16:25:09...processing table saved_search
2019-05-21 16:25:09...creating table saved_search
2019-05-21 16:25:09...creating Relationship Meta for SavedSearch
2019-05-21 16:25:09...processing table user_preferences
2019-05-21 16:25:09...creating table user_preferences
2019-05-21 16:25:09...creating Relationship Meta for UserPreference
2019-05-21 16:25:09...processing table 
2019-05-21 16:25:09...processing table email_addresses
2019-05-21 16:25:10...creating table email_addresses
2019-05-21 16:25:10...creating Relationship Meta for EmailAddress
2019-05-21 16:25:10...processing table emails_text
2019-05-21 16:25:10...creating table emails_text
2019-05-21 16:25:10...creating Relationship Meta for EmailText
2019-05-21 16:25:10...processing table spots
2019-05-21 16:25:10...creating table spots
2019-05-21 16:25:10...creating Relationship Meta for Spots
2019-05-21 16:25:10...processing table aobh_businesshours
2019-05-21 16:25:10...creating table aobh_businesshours
2019-05-21 16:25:10...creating Relationship Meta for AOBH_BusinessHours
2019-05-21 16:25:10...processing table sugarfeed
2019-05-21 16:25:10...creating table sugarfeed
2019-05-21 16:25:10...creating Relationship Meta for SugarFeed
2019-05-21 16:25:10...processing table eapm
2019-05-21 16:25:10...creating table eapm
2019-05-21 16:25:10...creating Relationship Meta for EAPM
2019-05-21 16:25:10...processing table oauth_consumer
2019-05-21 16:25:10...creating table oauth_consumer
2019-05-21 16:25:10...creating Relationship Meta for OAuthKey
2019-05-21 16:25:10...processing table oauth_tokens
2019-05-21 16:25:10...creating table oauth_tokens
2019-05-21 16:25:10...creating Relationship Meta for OAuthToken
2019-05-21 16:25:10...processing table am_projecttemplates
2019-05-21 16:25:10...creating table am_projecttemplates
2019-05-21 16:25:10...creating Relationship Meta for AM_ProjectTemplates
2019-05-21 16:25:10...processing table am_tasktemplates
2019-05-21 16:25:11...creating table am_tasktemplates
2019-05-21 16:25:11...creating Relationship Meta for AM_TaskTemplates
2019-05-21 16:25:11...processing table favorites
2019-05-21 16:25:11...creating table favorites
2019-05-21 16:25:11...creating Relationship Meta for Favorites
2019-05-21 16:25:11...processing table aok_knowledge_base_categories
2019-05-21 16:25:11...creating table aok_knowledge_base_categories
2019-05-21 16:25:11...creating Relationship Meta for AOK_Knowledge_Base_Categories
2019-05-21 16:25:11...processing table aok_knowledgebase
2019-05-21 16:25:11...creating table aok_knowledgebase
2019-05-21 16:25:11...creating Relationship Meta for AOK_KnowledgeBase
2019-05-21 16:25:11...processing table reminders
2019-05-21 16:25:11...creating table reminders
2019-05-21 16:25:11...creating Relationship Meta for Reminder
2019-05-21 16:25:11...processing table reminders_invitees
2019-05-21 16:25:11...creating table reminders_invitees
2019-05-21 16:25:11...creating Relationship Meta for Reminder_Invitee
2019-05-21 16:25:11...processing table fp_events
2019-05-21 16:25:12...creating table fp_events
2019-05-21 16:25:12...creating Relationship Meta for FP_events
2019-05-21 16:25:12...processing table fp_event_locations
2019-05-21 16:25:12...creating table fp_event_locations
2019-05-21 16:25:12...creating Relationship Meta for FP_Event_Locations
2019-05-21 16:25:12...processing table aod_indexevent
2019-05-21 16:25:12...creating table aod_indexevent
2019-05-21 16:25:12...creating Relationship Meta for AOD_IndexEvent
2019-05-21 16:25:12...processing table aod_index
2019-05-21 16:25:12...creating table aod_index
2019-05-21 16:25:12...creating Relationship Meta for AOD_Index
2019-05-21 16:25:12...processing table aop_case_events
2019-05-21 16:25:12...creating table aop_case_events
2019-05-21 16:25:12...creating Relationship Meta for AOP_Case_Events
2019-05-21 16:25:12...processing table aop_case_updates
2019-05-21 16:25:13...creating table aop_case_updates
2019-05-21 16:25:13...creating Relationship Meta for AOP_Case_Updates
2019-05-21 16:25:13...processing table aor_reports
2019-05-21 16:25:13...creating table aor_reports
2019-05-21 16:25:13...creating Relationship Meta for AOR_Report
2019-05-21 16:25:13...processing table aor_fields
2019-05-21 16:25:13...creating table aor_fields
2019-05-21 16:25:13...creating Relationship Meta for AOR_Field
2019-05-21 16:25:13...processing table aor_charts
2019-05-21 16:25:13...creating table aor_charts
2019-05-21 16:25:13...creating Relationship Meta for AOR_Chart
2019-05-21 16:25:13...processing table aor_conditions
2019-05-21 16:25:13...creating table aor_conditions
2019-05-21 16:25:13...creating Relationship Meta for AOR_Condition
2019-05-21 16:25:13...processing table aor_scheduled_reports
2019-05-21 16:25:13...creating table aor_scheduled_reports
2019-05-21 16:25:13...creating Relationship Meta for AOR_Scheduled_Reports
2019-05-21 16:25:13...processing table aos_contracts
2019-05-21 16:25:14...creating table aos_contracts
2019-05-21 16:25:14...creating Relationship Meta for AOS_Contracts
2019-05-21 16:25:14...processing table aos_invoices
2019-05-21 16:25:14...creating table aos_invoices
2019-05-21 16:25:14...creating Relationship Meta for AOS_Invoices
2019-05-21 16:25:14...processing table aos_pdf_templates
2019-05-21 16:25:14...creating table aos_pdf_templates
2019-05-21 16:25:14...creating Relationship Meta for AOS_PDF_Templates
2019-05-21 16:25:14...processing table aos_product_categories
2019-05-21 16:25:14...creating table aos_product_categories
2019-05-21 16:25:14...creating Relationship Meta for AOS_Product_Categories
2019-05-21 16:25:14...processing table aos_products
2019-05-21 16:25:15...creating table aos_products
2019-05-21 16:25:15...creating Relationship Meta for AOS_Products
2019-05-21 16:25:15...processing table aos_products_quotes
2019-05-21 16:25:15...creating table aos_products_quotes
2019-05-21 16:25:15...creating Relationship Meta for AOS_Products_Quotes
2019-05-21 16:25:15...processing table aos_line_item_groups
2019-05-21 16:25:15...creating table aos_line_item_groups
2019-05-21 16:25:15...creating Relationship Meta for AOS_Line_Item_Groups
2019-05-21 16:25:15...processing table aos_quotes
2019-05-21 16:25:15...creating table aos_quotes
2019-05-21 16:25:15...creating Relationship Meta for AOS_Quotes
2019-05-21 16:25:15...processing table aow_actions
2019-05-21 16:25:15...creating table aow_actions
2019-05-21 16:25:15...creating Relationship Meta for AOW_Action
2019-05-21 16:25:15...processing table aow_workflow
2019-05-21 16:25:15...creating table aow_workflow
2019-05-21 16:25:15...creating Relationship Meta for AOW_WorkFlow
2019-05-21 16:25:15...processing table aow_processed
2019-05-21 16:25:15...creating table aow_processed
2019-05-21 16:25:15...creating Relationship Meta for AOW_Processed
2019-05-21 16:25:15...processing table aow_conditions
2019-05-21 16:25:15...creating table aow_conditions
2019-05-21 16:25:15...creating Relationship Meta for AOW_Condition
2019-05-21 16:25:15...processing table jjwg_maps
2019-05-21 16:25:16...creating table jjwg_maps
2019-05-21 16:25:16...creating Relationship Meta for jjwg_Maps
2019-05-21 16:25:16...processing table jjwg_markers
2019-05-21 16:25:16...creating table jjwg_markers
2019-05-21 16:25:16...creating Relationship Meta for jjwg_Markers
2019-05-21 16:25:16...processing table jjwg_areas
2019-05-21 16:25:16...creating table jjwg_areas
2019-05-21 16:25:16...creating Relationship Meta for jjwg_Areas
2019-05-21 16:25:16...processing table jjwg_address_cache
2019-05-21 16:25:16...creating table jjwg_address_cache
2019-05-21 16:25:16...creating Relationship Meta for jjwg_Address_Cache
2019-05-21 16:25:16...processing table calls_reschedule
2019-05-21 16:25:17...creating table calls_reschedule
2019-05-21 16:25:17...creating Relationship Meta for Calls_Reschedule
2019-05-21 16:25:17...processing table securitygroups
2019-05-21 16:25:17...creating table securitygroups
2019-05-21 16:25:17...creating Relationship Meta for SecurityGroup
2019-05-21 16:25:17...processing table outbound_email
2019-05-21 16:25:17...creating table outbound_email
2019-05-21 16:25:17...creating Relationship Meta for OutboundEmailAccounts
2019-05-21 16:25:17...processing table templatesectionline
2019-05-21 16:25:17...creating table templatesectionline
2019-05-21 16:25:17...creating Relationship Meta for TemplateSectionLine
2019-05-21 16:25:17...processing table oauth2tokens
2019-05-21 16:25:17...creating table oauth2tokens
2019-05-21 16:25:17...creating Relationship Meta for OAuth2Tokens
2019-05-21 16:25:17...processing table oauth2clients
2019-05-21 16:25:17...creating table oauth2clients
2019-05-21 16:25:17...creating Relationship Meta for OAuth2Clients
2019-05-21 16:25:17...processing table surveyresponses
2019-05-21 16:25:17...creating table surveyresponses
2019-05-21 16:25:17...creating Relationship Meta for SurveyResponses
2019-05-21 16:25:17...processing table surveys
2019-05-21 16:25:18...creating table surveys
2019-05-21 16:25:18...creating Relationship Meta for Surveys
2019-05-21 16:25:18...processing table surveyquestionresponses
2019-05-21 16:25:18...creating table surveyquestionresponses
2019-05-21 16:25:18...creating Relationship Meta for SurveyQuestionResponses
2019-05-21 16:25:18...processing table surveyquestions
2019-05-21 16:25:18...creating table surveyquestions
2019-05-21 16:25:18...creating Relationship Meta for SurveyQuestions
2019-05-21 16:25:18...processing table surveyquestionoptions
2019-05-21 16:25:18...creating table surveyquestionoptions
2019-05-21 16:25:18...creating Relationship Meta for SurveyQuestionOptions
2019-05-21 16:25:19...Begin creating Defaults
2019-05-21 16:25:19...insert defaults into config table
2019-05-21 16:25:19...Creating default users
2019-05-21 16:25:20...Creating default scheduler jobs
2019-05-21 16:25:20...Creating default encryption key...
2019-05-21 16:25:20...Enable SugarFeeds
2019-05-21 16:25:21...Installation has completed *********
2019-05-21 16:25:31...populating the db with seed data
2019-05-21 16:25:31...Save configuration settings..
2019-05-21 16:25:31...save locale
2019-05-21 16:25:31...new Administration
2019-05-21 16:25:31...retrieveSettings
2019-05-21 16:25:31...AdminWizard OFF
2019-05-21 16:25:31...saveConfig
2019-05-21 16:25:31...new Configurator
2019-05-21 16:25:31...populateFromPost
2019-05-21 16:25:31...handleOverride
2019-05-21 16:25:31...addCronAllowedUser
2019-05-21 16:25:31...saveConfig
2019-05-21 16:25:31...new Currency
2019-05-21 16:25:31...retrieve
2019-05-21 16:25:31...DBG: save currency
2019-05-21 16:25:31...Save user settings..
2019-05-21 16:25:31...DBG: SugarThemeRegistry::getDefault
2019-05-21 16:25:37...installerHook: Info: custom/install/install_hooks.php not present, no custom hooks to execute
2019-06-02 10:03:14...installerHook: Info: custom/install/install_hooks.php not present, no custom hooks to execute
2020-04-10 02:41:37...installerHook: Info: custom/install/install_hooks.php not present, no custom hooks to execute
2020-04-11 12:14:13...installerHook: Info: custom/install/install_hooks.php not present, no custom hooks to execute
2020-04-11 12:17:31...installerHook: Info: custom/install/install_hooks.php not present, no custom hooks to execute
2020-04-11 12:18:04...Begin System Check Process *************
2020-04-11 12:18:04...XML Parsing Support Found
2020-04-11 12:18:04...MBString Support Found
2020-04-11 12:18:04...ZIP Support Found
2020-04-11 12:18:04.../custom directory and subdirectory check passed
2020-04-11 12:18:04...cache directory and subdirectory check passed
2020-04-11 12:18:04.../module  directory and subdirectory check passed
2020-04-11 12:18:04.../upload directory check passed
2020-04-11 12:18:04.../zip check passed
2020-04-11 12:18:04...PCRE version check passed
2020-04-11 12:18:04...installerHook: Info: custom/install/install_hooks.php not present, no custom hooks to execute
2020-04-11 12:18:04...php.ini location found. /etc/php7.2/php.ini
2020-04-11 12:18:04...Outputting HTML for System check
2020-04-11 12:18:04...No Errors were found *************
2020-04-11 12:18:05...installerHook: Info: custom/install/install_hooks.php not present, no custom hooks to execute
2020-04-11 12:18:12...installerHook: Info: custom/install/install_hooks.php not present, no custom hooks to execute
2020-04-11 12:21:31...Begin DB Check Process *************
2020-04-11 12:21:31...testing with mysql:mysqli
2020-04-11 12:21:31...Basic form info is valid, continuing Process.
2020-04-11 12:21:31...Testing user account...
2020-04-11 12:21:31...Connection made using  host: db5000362419.hosting-data.io, usr: dbu311752
2020-04-11 12:21:31...SUCCESS:: no errors detected!
2020-04-11 12:21:31...End DB Check Process *************
2020-04-11 12:21:38...installerHook: Info: custom/install/install_hooks.php not present, no custom hooks to execute
2020-04-11 12:21:38...calling handleSugarConfig()
2020-04-11 12:21:38...calling handleHtaccess()
2020-04-11 12:21:38...calling handleDbCreateDatabase()
2020-04-11 12:21:38...looping through all the Beans and create their tables
2020-04-11 12:21:38...processing table acl_actions
2020-04-11 12:21:38...creating table acl_actions
2020-04-11 12:21:38...creating Relationship Meta for ACLAction
2020-04-11 12:21:38...processing table acl_roles
2020-04-11 12:21:38...creating table acl_roles
2020-04-11 12:21:38...creating Relationship Meta for ACLRole
2020-04-11 12:21:38...processing table relationships
2020-04-11 12:21:38...creating table relationships
2020-04-11 12:21:38...creating Relationship Meta for Relationship
2020-04-11 12:21:38...processing table leads
2020-04-11 12:21:39...creating table leads
2020-04-11 12:21:39...creating Relationship Meta for Lead
2020-04-11 12:21:39...processing table cases
2020-04-11 12:21:39...creating table cases
2020-04-11 12:21:39...creating Relationship Meta for Case
2020-04-11 12:21:39...processing table bugs
2020-04-11 12:21:39...creating table bugs
2020-04-11 12:21:39...creating Relationship Meta for Bug
2020-04-11 12:21:39...processing table users
2020-04-11 12:21:39...creating table users
2020-04-11 12:21:39...creating Relationship Meta for User
2020-04-11 12:21:39...processing table campaign_log
2020-04-11 12:21:39...creating table campaign_log
2020-04-11 12:21:39...creating Relationship Meta for CampaignLog
2020-04-11 12:21:39...processing table project
2020-04-11 12:21:40...creating table project
2020-04-11 12:21:40...creating Relationship Meta for Project
2020-04-11 12:21:40...processing table project_task
2020-04-11 12:21:40...creating table project_task
2020-04-11 12:21:40...creating Relationship Meta for ProjectTask
2020-04-11 12:21:40...processing table campaigns
2020-04-11 12:21:40...creating table campaigns
2020-04-11 12:21:40...creating Relationship Meta for Campaign
2020-04-11 12:21:40...processing table prospect_lists
2020-04-11 12:21:40...creating table prospect_lists
2020-04-11 12:21:40...creating Relationship Meta for ProspectList
2020-04-11 12:21:40...processing table prospects
2020-04-11 12:21:40...creating table prospects
2020-04-11 12:21:40...creating Relationship Meta for Prospect
2020-04-11 12:21:41...processing table email_marketing
2020-04-11 12:21:41...creating table email_marketing
2020-04-11 12:21:41...creating Relationship Meta for EmailMarketing
2020-04-11 12:21:41...processing table campaign_trkrs
2020-04-11 12:21:41...creating table campaign_trkrs
2020-04-11 12:21:41...creating Relationship Meta for CampaignTracker
2020-04-11 12:21:41...processing table releases
2020-04-11 12:21:41...creating table releases
2020-04-11 12:21:41...creating Relationship Meta for Release
2020-04-11 12:21:41...processing table emailman
2020-04-11 12:21:41...creating table emailman
2020-04-11 12:21:41...creating Relationship Meta for EmailMan
2020-04-11 12:21:41...processing table schedulers
2020-04-11 12:21:41...creating table schedulers
2020-04-11 12:21:41...creating Relationship Meta for Scheduler
2020-04-11 12:21:41...processing table job_queue
2020-04-11 12:21:41...creating table job_queue
2020-04-11 12:21:41...creating Relationship Meta for SchedulersJob
2020-04-11 12:21:41...processing table contacts
2020-04-11 12:21:41...creating table contacts
2020-04-11 12:21:41...creating Relationship Meta for Contact
2020-04-11 12:21:41...processing table accounts
2020-04-11 12:21:41...creating table accounts
2020-04-11 12:21:41...creating Relationship Meta for Account
2020-04-11 12:21:41...processing table opportunities
2020-04-11 12:21:42...creating table opportunities
2020-04-11 12:21:42...creating Relationship Meta for Opportunity
2020-04-11 12:21:42...processing table email_templates
2020-04-11 12:21:42...creating table email_templates
2020-04-11 12:21:42...creating Relationship Meta for EmailTemplate
2020-04-11 12:21:42...processing table notes
2020-04-11 12:21:42...creating table notes
2020-04-11 12:21:42...creating Relationship Meta for Note
2020-04-11 12:21:42...processing table calls
2020-04-11 12:21:42...creating table calls
2020-04-11 12:21:42...creating Relationship Meta for Call
2020-04-11 12:21:42...processing table emails
2020-04-11 12:21:42...creating table emails
2020-04-11 12:21:42...creating Relationship Meta for Email
2020-04-11 12:21:42...processing table meetings
2020-04-11 12:21:43...creating table meetings
2020-04-11 12:21:43...creating Relationship Meta for Meeting
2020-04-11 12:21:43...processing table tasks
2020-04-11 12:21:43...creating table tasks
2020-04-11 12:21:43...creating Relationship Meta for Task
2020-04-11 12:21:43...processing table users
2020-04-11 12:21:43...processing table users
2020-04-11 12:21:43...processing table currencies
2020-04-11 12:21:43...creating table currencies
2020-04-11 12:21:43...creating Relationship Meta for Currency
2020-04-11 12:21:43...processing table tracker
2020-04-11 12:21:43...creating table tracker
2020-04-11 12:21:43...creating Relationship Meta for Tracker
2020-04-11 12:21:43...processing table import_maps
2020-04-11 12:21:43...creating table import_maps
2020-04-11 12:21:43...creating Relationship Meta for ImportMap
2020-04-11 12:21:43...processing table users_last_import
2020-04-11 12:21:43...creating table users_last_import
2020-04-11 12:21:43...creating Relationship Meta for UsersLastImport
2020-04-11 12:21:43...processing table config
2020-04-11 12:21:43...creating table config
2020-04-11 12:21:43...creating Relationship Meta for Administration
2020-04-11 12:21:43...processing table upgrade_history
2020-04-11 12:21:43...creating table upgrade_history
2020-04-11 12:21:43...creating Relationship Meta for UpgradeHistory
2020-04-11 12:21:43...processing table vcals
2020-04-11 12:21:43...creating table vcals
2020-04-11 12:21:43...creating Relationship Meta for vCal
2020-04-11 12:21:43...processing table alerts
2020-04-11 12:21:43...creating table alerts
2020-04-11 12:21:43...creating Relationship Meta for Alert
2020-04-11 12:21:43...processing table roles
2020-04-11 12:21:43...creating table roles
2020-04-11 12:21:43...creating Relationship Meta for Role
2020-04-11 12:21:43...processing table documents
2020-04-11 12:21:43...creating table documents
2020-04-11 12:21:43...creating Relationship Meta for Document
2020-04-11 12:21:43...processing table document_revisions
2020-04-11 12:21:43...creating table document_revisions
2020-04-11 12:21:43...creating Relationship Meta for DocumentRevision
2020-04-11 12:21:43...processing table fields_meta_data
2020-04-11 12:21:43...creating table fields_meta_data
2020-04-11 12:21:43...creating Relationship Meta for FieldsMetaData
2020-04-11 12:21:43...processing table inbound_email
2020-04-11 12:21:44...creating table inbound_email
2020-04-11 12:21:44...creating Relationship Meta for InboundEmail
2020-04-11 12:21:44...processing table saved_search
2020-04-11 12:21:44...creating table saved_search
2020-04-11 12:21:44...creating Relationship Meta for SavedSearch
2020-04-11 12:21:44...processing table user_preferences
2020-04-11 12:21:44...creating table user_preferences
2020-04-11 12:21:44...creating Relationship Meta for UserPreference
2020-04-11 12:21:44...processing table 
2020-04-11 12:21:44...processing table email_addresses
2020-04-11 12:21:44...creating table email_addresses
2020-04-11 12:21:44...creating Relationship Meta for EmailAddress
2020-04-11 12:21:44...processing table emails_text
2020-04-11 12:21:44...creating table emails_text
2020-04-11 12:21:44...creating Relationship Meta for EmailText
2020-04-11 12:21:44...processing table spots
2020-04-11 12:21:44...creating table spots
2020-04-11 12:21:44...creating Relationship Meta for Spots
2020-04-11 12:21:44...processing table aobh_businesshours
2020-04-11 12:21:44...creating table aobh_businesshours
2020-04-11 12:21:44...creating Relationship Meta for AOBH_BusinessHours
2020-04-11 12:21:44...processing table sugarfeed
2020-04-11 12:21:44...creating table sugarfeed
2020-04-11 12:21:44...creating Relationship Meta for SugarFeed
2020-04-11 12:21:44...processing table eapm
2020-04-11 12:21:44...creating table eapm
2020-04-11 12:21:44...creating Relationship Meta for EAPM
2020-04-11 12:21:44...processing table oauth_consumer
2020-04-11 12:21:44...creating table oauth_consumer
2020-04-11 12:21:44...creating Relationship Meta for OAuthKey
2020-04-11 12:21:44...processing table oauth_tokens
2020-04-11 12:21:44...creating table oauth_tokens
2020-04-11 12:21:44...creating Relationship Meta for OAuthToken
2020-04-11 12:21:44...processing table am_projecttemplates
2020-04-11 12:21:44...creating table am_projecttemplates
2020-04-11 12:21:44...creating Relationship Meta for AM_ProjectTemplates
2020-04-11 12:21:44...processing table am_tasktemplates
2020-04-11 12:21:45...creating table am_tasktemplates
2020-04-11 12:21:45...creating Relationship Meta for AM_TaskTemplates
2020-04-11 12:21:45...processing table favorites
2020-04-11 12:21:45...creating table favorites
2020-04-11 12:21:45...creating Relationship Meta for Favorites
2020-04-11 12:21:45...processing table aok_knowledge_base_categories
2020-04-11 12:21:45...creating table aok_knowledge_base_categories
2020-04-11 12:21:45...creating Relationship Meta for AOK_Knowledge_Base_Categories
2020-04-11 12:21:45...processing table aok_knowledgebase
2020-04-11 12:21:45...creating table aok_knowledgebase
2020-04-11 12:21:45...creating Relationship Meta for AOK_KnowledgeBase
2020-04-11 12:21:45...processing table reminders
2020-04-11 12:21:45...creating table reminders
2020-04-11 12:21:45...creating Relationship Meta for Reminder
2020-04-11 12:21:45...processing table reminders_invitees
2020-04-11 12:21:45...creating table reminders_invitees
2020-04-11 12:21:45...creating Relationship Meta for Reminder_Invitee
2020-04-11 12:21:45...processing table fp_events
2020-04-11 12:21:45...creating table fp_events
2020-04-11 12:21:45...creating Relationship Meta for FP_events
2020-04-11 12:21:45...processing table fp_event_locations
2020-04-11 12:21:46...creating table fp_event_locations
2020-04-11 12:21:46...creating Relationship Meta for FP_Event_Locations
2020-04-11 12:21:46...processing table aod_indexevent
2020-04-11 12:21:46...creating table aod_indexevent
2020-04-11 12:21:46...creating Relationship Meta for AOD_IndexEvent
2020-04-11 12:21:46...processing table aod_index
2020-04-11 12:21:46...creating table aod_index
2020-04-11 12:21:46...creating Relationship Meta for AOD_Index
2020-04-11 12:21:46...processing table aop_case_events
2020-04-11 12:21:46...creating table aop_case_events
2020-04-11 12:21:46...creating Relationship Meta for AOP_Case_Events
2020-04-11 12:21:46...processing table aop_case_updates
2020-04-11 12:21:46...creating table aop_case_updates
2020-04-11 12:21:46...creating Relationship Meta for AOP_Case_Updates
2020-04-11 12:21:46...processing table aor_reports
2020-04-11 12:21:46...creating table aor_reports
2020-04-11 12:21:46...creating Relationship Meta for AOR_Report
2020-04-11 12:21:47...processing table aor_fields
2020-04-11 12:21:47...creating table aor_fields
2020-04-11 12:21:47...creating Relationship Meta for AOR_Field
2020-04-11 12:21:47...processing table aor_charts
2020-04-11 12:21:47...creating table aor_charts
2020-04-11 12:21:47...creating Relationship Meta for AOR_Chart
2020-04-11 12:21:47...processing table aor_conditions
2020-04-11 12:21:47...creating table aor_conditions
2020-04-11 12:21:47...creating Relationship Meta for AOR_Condition
2020-04-11 12:21:47...processing table aor_scheduled_reports
2020-04-11 12:21:47...creating table aor_scheduled_reports
2020-04-11 12:21:47...creating Relationship Meta for AOR_Scheduled_Reports
2020-04-11 12:21:47...processing table aos_contracts
2020-04-11 12:21:47...creating table aos_contracts
2020-04-11 12:21:47...creating Relationship Meta for AOS_Contracts
2020-04-11 12:21:47...processing table aos_invoices
2020-04-11 12:21:47...creating table aos_invoices
2020-04-11 12:21:47...creating Relationship Meta for AOS_Invoices
2020-04-11 12:21:47...processing table aos_pdf_templates
2020-04-11 12:21:47...creating table aos_pdf_templates
2020-04-11 12:21:47...creating Relationship Meta for AOS_PDF_Templates
2020-04-11 12:21:47...processing table aos_product_categories
2020-04-11 12:21:48...creating table aos_product_categories
2020-04-11 12:21:48...creating Relationship Meta for AOS_Product_Categories
2020-04-11 12:21:48...processing table aos_products
2020-04-11 12:21:48...creating table aos_products
2020-04-11 12:21:48...creating Relationship Meta for AOS_Products
2020-04-11 12:21:48...processing table aos_products_quotes
2020-04-11 12:21:48...creating table aos_products_quotes
2020-04-11 12:21:48...creating Relationship Meta for AOS_Products_Quotes
2020-04-11 12:21:48...processing table aos_line_item_groups
2020-04-11 12:21:48...creating table aos_line_item_groups
2020-04-11 12:21:48...creating Relationship Meta for AOS_Line_Item_Groups
2020-04-11 12:21:48...processing table aos_quotes
2020-04-11 12:21:48...creating table aos_quotes
2020-04-11 12:21:48...creating Relationship Meta for AOS_Quotes
2020-04-11 12:21:48...processing table aow_actions
2020-04-11 12:21:48...creating table aow_actions
2020-04-11 12:21:48...creating Relationship Meta for AOW_Action
2020-04-11 12:21:48...processing table aow_workflow
2020-04-11 12:21:48...creating table aow_workflow
2020-04-11 12:21:48...creating Relationship Meta for AOW_WorkFlow
2020-04-11 12:21:49...processing table aow_processed
2020-04-11 12:21:49...creating table aow_processed
2020-04-11 12:21:49...creating Relationship Meta for AOW_Processed
2020-04-11 12:21:49...processing table aow_conditions
2020-04-11 12:21:49...creating table aow_conditions
2020-04-11 12:21:49...creating Relationship Meta for AOW_Condition
2020-04-11 12:21:49...processing table jjwg_maps
2020-04-11 12:21:49...creating table jjwg_maps
2020-04-11 12:21:49...creating Relationship Meta for jjwg_Maps
2020-04-11 12:21:49...processing table jjwg_markers
2020-04-11 12:21:49...creating table jjwg_markers
2020-04-11 12:21:49...creating Relationship Meta for jjwg_Markers
2020-04-11 12:21:49...processing table jjwg_areas
2020-04-11 12:21:49...creating table jjwg_areas
2020-04-11 12:21:49...creating Relationship Meta for jjwg_Areas
2020-04-11 12:21:49...processing table jjwg_address_cache
2020-04-11 12:21:50...creating table jjwg_address_cache
2020-04-11 12:21:50...creating Relationship Meta for jjwg_Address_Cache
2020-04-11 12:21:50...processing table calls_reschedule
2020-04-11 12:21:50...creating table calls_reschedule
2020-04-11 12:21:50...creating Relationship Meta for Calls_Reschedule
2020-04-11 12:21:50...processing table securitygroups
2020-04-11 12:21:50...creating table securitygroups
2020-04-11 12:21:50...creating Relationship Meta for SecurityGroup
2020-04-11 12:21:50...processing table outbound_email
2020-04-11 12:21:50...creating table outbound_email
2020-04-11 12:21:50...creating Relationship Meta for OutboundEmailAccounts
2020-04-11 12:21:50...processing table templatesectionline
2020-04-11 12:21:50...creating table templatesectionline
2020-04-11 12:21:50...creating Relationship Meta for TemplateSectionLine
2020-04-11 12:21:50...processing table oauth2tokens
2020-04-11 12:21:50...creating table oauth2tokens
2020-04-11 12:21:50...creating Relationship Meta for OAuth2Tokens
2020-04-11 12:21:50...processing table oauth2clients
2020-04-11 12:21:50...creating table oauth2clients
2020-04-11 12:21:50...creating Relationship Meta for OAuth2Clients
2020-04-11 12:21:50...processing table surveyresponses
2020-04-11 12:21:51...creating table surveyresponses
2020-04-11 12:21:51...creating Relationship Meta for SurveyResponses
2020-04-11 12:21:51...processing table surveys
2020-04-11 12:21:51...creating table surveys
2020-04-11 12:21:51...creating Relationship Meta for Surveys
2020-04-11 12:21:51...processing table surveyquestionresponses
2020-04-11 12:21:51...creating table surveyquestionresponses
2020-04-11 12:21:51...creating Relationship Meta for SurveyQuestionResponses
2020-04-11 12:21:51...processing table surveyquestions
2020-04-11 12:21:51...creating table surveyquestions
2020-04-11 12:21:51...creating Relationship Meta for SurveyQuestions
2020-04-11 12:21:51...processing table surveyquestionoptions
2020-04-11 12:21:51...creating table surveyquestionoptions
2020-04-11 12:21:51...creating Relationship Meta for SurveyQuestionOptions
2020-04-11 12:21:51...processing table tac_sms_templates
2020-04-11 12:21:52...creating table tac_sms_templates
2020-04-11 12:21:52...creating Relationship Meta for tac_sms_templates
2020-04-11 12:21:52...processing table tac_inbound_message
2020-04-11 12:21:52...creating table tac_inbound_message
2020-04-11 12:21:52...creating Relationship Meta for tac_inbound_message
2020-04-11 12:21:54...Begin creating Defaults
2020-04-11 12:21:54...insert defaults into config table
2020-04-11 12:21:54...Creating default users
2020-04-11 12:21:54...Creating default scheduler jobs
2020-04-11 12:21:55...Creating default encryption key...
2020-04-11 12:21:55...Enable SugarFeeds
2020-04-11 12:21:55...Installation has completed *********
2020-04-11 12:22:02...populating the db with seed data
2020-04-11 12:22:02...Save configuration settings..
2020-04-11 12:22:02...save locale
2020-04-11 12:22:02...new Administration
2020-04-11 12:22:02...retrieveSettings
2020-04-11 12:22:02...AdminWizard OFF
2020-04-11 12:22:02...saveConfig
2020-04-11 12:22:02...new Configurator
2020-04-11 12:22:02...populateFromPost
2020-04-11 12:22:02...handleOverride
2020-04-11 12:22:02...addCronAllowedUser
2020-04-11 12:22:02...saveConfig
2020-04-11 12:22:02...new Currency
2020-04-11 12:22:02...retrieve
2020-04-11 12:22:02...DBG: save currency
2020-04-11 12:22:02...Save user settings..
2020-04-11 12:22:02...DBG: SugarThemeRegistry::getDefault