Sun, 13 Oct 2019 05:35:16 -0400 [UpgradeWizard] - setting session variables...
Sun, 13 Oct 2019 05:35:16 -0400 [UpgradeWizard] - -----------------------------------------------------------------------------
Sun, 13 Oct 2019 05:35:16 -0400 [UpgradeWizard] - Upgrade started. At start.php
Sun, 13 Oct 2019 05:35:16 -0400 [UpgradeWizard] - at unlinkUWTempFiles()
Sun, 13 Oct 2019 05:35:16 -0400 [UpgradeWizard] - finished!
Sun, 13 Oct 2019 05:35:16 -0400 [UpgradeWizard] - resetting $_SESSION
Sun, 13 Oct 2019 05:36:37 -0400 [UpgradeWizard] - setting session variables...
Sun, 13 Oct 2019 05:36:37 -0400 [UpgradeWizard] - [At systemCheck.php]
Sun, 13 Oct 2019 05:36:37 -0400 [UpgradeWizard] - Starting file permission check...
Sun, 13 Oct 2019 05:37:02 -0400 [UpgradeWizard] - Finished file permission check.
Sun, 13 Oct 2019 05:37:02 -0400 [UpgradeWizard] - Starting database permissions check...
Sun, 13 Oct 2019 05:37:02 -0400 [UpgradeWizard] - Checking CREATE TABLE permissions...
Sun, 13 Oct 2019 05:37:02 -0400 [UpgradeWizard] - Checking INSERT INTO permissions...
Sun, 13 Oct 2019 05:37:02 -0400 [UpgradeWizard] - Checking UPDATE TABLE permissions...
Sun, 13 Oct 2019 05:37:02 -0400 [UpgradeWizard] - Checking SELECT permissions...
Sun, 13 Oct 2019 05:37:02 -0400 [UpgradeWizard] - Checking DELETE FROM permissions...
Sun, 13 Oct 2019 05:37:02 -0400 [UpgradeWizard] - Checking ALTER TABLE ADD COLUMN permissions...
Sun, 13 Oct 2019 05:37:02 -0400 [UpgradeWizard] - Checking ALTER TABLE CHANGE COLUMN permissions...
Sun, 13 Oct 2019 05:37:02 -0400 [UpgradeWizard] - Checking ALTER TABLE DROP COLUMN permissions...
Sun, 13 Oct 2019 05:37:02 -0400 [UpgradeWizard] - Checking DROP TABLE permissions...
Sun, 13 Oct 2019 05:37:02 -0400 [UpgradeWizard] - No permissions errors found!
Sun, 13 Oct 2019 05:37:02 -0400 [UpgradeWizard] - Finished database permissions check.
Tue, 05 Nov 2019 10:01:43 -0500 [UpgradeWizard] - setting session variables...
Tue, 05 Nov 2019 10:01:43 -0500 [UpgradeWizard] - -----------------------------------------------------------------------------
Tue, 05 Nov 2019 10:01:43 -0500 [UpgradeWizard] - Upgrade started. At start.php
Tue, 05 Nov 2019 10:01:43 -0500 [UpgradeWizard] - at unlinkUWTempFiles()
Tue, 05 Nov 2019 10:01:47 -0500 [UpgradeWizard] - finished!
Tue, 05 Nov 2019 10:01:47 -0500 [UpgradeWizard] - resetting $_SESSION
Tue, 05 Nov 2019 10:17:40 -0500 [UpgradeWizard] - setting session variables...
Tue, 05 Nov 2019 10:17:40 -0500 [UpgradeWizard] - -----------------------------------------------------------------------------
Tue, 05 Nov 2019 10:17:40 -0500 [UpgradeWizard] - Upgrade started. At start.php
Tue, 05 Nov 2019 10:17:40 -0500 [UpgradeWizard] - at unlinkUWTempFiles()
Tue, 05 Nov 2019 10:17:40 -0500 [UpgradeWizard] - finished!
Tue, 05 Nov 2019 10:17:40 -0500 [UpgradeWizard] - resetting $_SESSION
Sun, 12 Apr 2020 19:10:03 -0400 [UpgradeWizard] - setting session variables...
Sun, 12 Apr 2020 19:10:03 -0400 [UpgradeWizard] - -----------------------------------------------------------------------------
Sun, 12 Apr 2020 19:10:03 -0400 [UpgradeWizard] - Upgrade started. At start.php
Sun, 12 Apr 2020 19:10:03 -0400 [UpgradeWizard] - at unlinkUWTempFiles()
Sun, 12 Apr 2020 19:10:03 -0400 [UpgradeWizard] - finished!
Sun, 12 Apr 2020 19:10:03 -0400 [UpgradeWizard] - resetting $_SESSION
